<?xml version="1.0" encoding="UTF-8"?>
<testsuite name="com.tts.ecomspring.EcomspringApplicationTests" tests="1" skipped="0" failures="0" errors="0" timestamp="2021-02-26T14:09:05" hostname="Amarions-iMac.local" time="0.182">
  <properties/>
  <testcase name="contextLoads()" classname="com.tts.ecomspring.EcomspringApplicationTests" time="0.182"/>
  <system-out><![CDATA[08:08:55.171 [Test worker] DEBUG org.springframework.test.context.BootstrapUtils - Instantiating CacheAwareContextLoaderDelegate from class [org.springframework.test.context.cache.DefaultCacheAwareContextLoaderDelegate]
08:08:55.198 [Test worker] DEBUG org.springframework.test.context.BootstrapUtils - Instantiating BootstrapContext using constructor [public org.springframework.test.context.support.DefaultBootstrapContext(java.lang.Class,org.springframework.test.context.CacheAwareContextLoaderDelegate)]
08:08:55.240 [Test worker] DEBUG org.springframework.test.context.BootstrapUtils - Instantiating TestContextBootstrapper for test class [com.tts.ecomspring.EcomspringApplicationTests] from class [org.springframework.boot.test.context.SpringBootTestContextBootstrapper]
08:08:55.254 [Test worker] INFO org.springframework.boot.test.context.SpringBootTestContextBootstrapper - Neither @ContextConfiguration nor @ContextHierarchy found for test class [com.tts.ecomspring.EcomspringApplicationTests], using SpringBootContextLoader
08:08:55.258 [Test worker] DEBUG org.springframework.test.context.support.AbstractContextLoader - Did not detect default resource location for test class [com.tts.ecomspring.EcomspringApplicationTests]: class path resource [com/tts/ecomspring/EcomspringApplicationTests-context.xml] does not exist
08:08:55.258 [Test worker] DEBUG org.springframework.test.context.support.AbstractContextLoader - Did not detect default resource location for test class [com.tts.ecomspring.EcomspringApplicationTests]: class path resource [com/tts/ecomspring/EcomspringApplicationTestsContext.groovy] does not exist
08:08:55.259 [Test worker] INFO org.springframework.test.context.support.AbstractContextLoader - Could not detect default resource locations for test class [com.tts.ecomspring.EcomspringApplicationTests]: no resource found for suffixes {-context.xml, Context.groovy}.
08:08:55.261 [Test worker] INFO org.springframework.test.context.support.AnnotationConfigContextLoaderUtils - Could not detect default configuration classes for test class [com.tts.ecomspring.EcomspringApplicationTests]: EcomspringApplicationTests does not declare any static, non-private, non-final, nested classes annotated with @Configuration.
08:08:55.305 [Test worker] DEBUG org.springframework.test.context.support.ActiveProfilesUtils - Could not find an 'annotation declaring class' for annotation type [org.springframework.test.context.ActiveProfiles] and class [com.tts.ecomspring.EcomspringApplicationTests]
08:08:55.358 [Test worker] DEBUG org.springframework.context.annotation.ClassPathScanningCandidateComponentProvider - Identified candidate component class: file [/Users/ScottCem/Documents/GitHub/ecomspring/build/classes/java/main/com/tts/ecomspring/EcomspringApplication.class]
08:08:55.360 [Test worker] INFO org.springframework.boot.test.context.SpringBootTestContextBootstrapper - Found @SpringBootConfiguration com.tts.ecomspring.EcomspringApplication for test class com.tts.ecomspring.EcomspringApplicationTests
08:08:55.471 [Test worker] DEBUG org.springframework.boot.test.context.SpringBootTestContextBootstrapper - @TestExecutionListeners is not present for class [com.tts.ecomspring.EcomspringApplicationTests]: using defaults.
08:08:55.472 [Test worker] INFO org.springframework.boot.test.context.SpringBootTestContextBootstrapper - Loaded default TestExecutionListener class names from location [META-INF/spring.factories]: [org.springframework.security.test.context.support.WithSecurityContextTestExecutionListener, org.springframework.security.test.context.support.ReactorContextTestExecutionListener, org.springframework.boot.test.autoconfigure.restdocs.RestDocsTestExecutionListener, org.springframework.boot.test.autoconfigure.web.client.MockRestServiceServerResetTestExecutionListener, org.springframework.boot.test.autoconfigure.web.servlet.MockMvcPrintOnlyOnFailureTestExecutionListener, org.springframework.boot.test.autoconfigure.web.servlet.WebDriverTestExecutionListener, org.springframework.boot.test.autoconfigure.webservices.client.MockWebServiceServerTestExecutionListener, org.springframework.boot.test.mock.mockito.MockitoTestExecutionListener, org.springframework.boot.test.mock.mockito.ResetMocksTestExecutionListener, org.springframework.test.context.web.ServletTestExecutionListener, org.springframework.test.context.support.DirtiesContextBeforeModesTestExecutionListener, org.springframework.test.context.event.ApplicationEventsTestExecutionListener, org.springframework.test.context.support.DependencyInjectionTestExecutionListener, org.springframework.test.context.support.DirtiesContextTestExecutionListener, org.springframework.test.context.transaction.TransactionalTestExecutionListener, org.springframework.test.context.jdbc.SqlScriptsTestExecutionListener, org.springframework.test.context.event.EventPublishingTestExecutionListener]
08:08:55.503 [Test worker] INFO org.springframework.boot.test.context.SpringBootTestContextBootstrapper - Using TestExecutionListeners: [org.springframework.test.context.web.ServletTestExecutionListener@3b8babde, org.springframework.test.context.support.DirtiesContextBeforeModesTestExecutionListener@84aefc5, org.springframework.test.context.event.ApplicationEventsTestExecutionListener@4ee9c60a, org.springframework.boot.test.mock.mockito.MockitoTestExecutionListener@69674f28, org.springframework.boot.test.autoconfigure.SpringBootDependencyInjectionTestExecutionListener@fd4dc81, org.springframework.test.context.support.DirtiesContextTestExecutionListener@503f3e79, org.springframework.test.context.transaction.TransactionalTestExecutionListener@50667be2, org.springframework.test.context.jdbc.SqlScriptsTestExecutionListener@3ab70c9, org.springframework.security.test.context.support.WithSecurityContextTestExecutionListener@2ab294e9, org.springframework.test.context.event.EventPublishingTestExecutionListener@3d7ab30, org.springframework.security.test.context.support.ReactorContextTestExecutionListener@608d69c3, org.springframework.boot.test.autoconfigure.restdocs.RestDocsTestExecutionListener@38f87023, org.springframework.boot.test.autoconfigure.web.client.MockRestServiceServerResetTestExecutionListener@653be09, org.springframework.boot.test.autoconfigure.web.servlet.MockMvcPrintOnlyOnFailureTestExecutionListener@38e30bd8, org.springframework.boot.test.autoconfigure.web.servlet.WebDriverTestExecutionListener@332bae76, org.springframework.boot.test.autoconfigure.webservices.client.MockWebServiceServerTestExecutionListener@48a9a958, org.springframework.boot.test.mock.mockito.ResetMocksTestExecutionListener@5311f5b2]
08:08:55.508 [Test worker] DEBUG org.springframework.test.context.support.AbstractDirtiesContextTestExecutionListener - Before test class: context [DefaultTestContext@6a2a6e38 testClass = EcomspringApplicationTests, testInstance = [null], testMethod = [null], testException = [null], mergedContextConfiguration = [WebMergedContextConfiguration@5b7626e3 testClass = EcomspringApplicationTests, locations = '{}', classes = '{class com.tts.ecomspring.EcomspringApplication}', contextInitializerClasses = '[]', activeProfiles = '{}', propertySourceLocations = '{}', propertySourceProperties = '{org.springframework.boot.test.context.SpringBootTestContextBootstrapper=true}', contextCustomizers = set[org.springframework.boot.test.autoconfigure.actuate.metrics.MetricsExportContextCustomizerFactory$DisableMetricExportContextCustomizer@2605e01c, org.springframework.boot.test.autoconfigure.properties.PropertyMappingContextCustomizer@0, org.springframework.boot.test.autoconfigure.web.servlet.WebDriverContextCustomizerFactory$Customizer@2651ec38, org.springframework.boot.test.context.filter.ExcludeFilterContextCustomizer@45a96963, org.springframework.boot.test.json.DuplicateJsonObjectContextCustomizerFactory$DuplicateJsonObjectContextCustomizer@29c8cabb, org.springframework.boot.test.mock.mockito.MockitoContextCustomizer@0, org.springframework.boot.test.web.client.TestRestTemplateContextCustomizer@4c36245a, org.springframework.boot.test.context.SpringBootTestArgs@1, org.springframework.boot.test.context.SpringBootTestWebEnvironment@1acbdf8d], resourceBasePath = 'src/main/webapp', contextLoader = 'org.springframework.boot.test.context.SpringBootContextLoader', parent = [null]], attributes = map['org.springframework.test.context.web.ServletTestExecutionListener.activateListener' -> true]], class annotated with @DirtiesContext [false] with mode [null].
08:08:55.570 [Test worker] DEBUG org.springframework.test.context.support.TestPropertySourceUtils - Adding inlined properties to environment: {spring.jmx.enabled=false, org.springframework.boot.test.context.SpringBootTestContextBootstrapper=true}

  .   ____          _            __ _ _
 /\\ / ___'_ __ _ _(_)_ __  __ _ \ \ \ \
( ( )\___ | '_ | '_| | '_ \/ _` | \ \ \ \
 \\/  ___)| |_)| | | | | || (_| |  ) ) ) )
  '  |____| .__|_| |_|_| |_\__, | / / / /
 =========|_|==============|___/=/_/_/_/
 :: Spring Boot ::                (v2.4.2)

2021-02-26 08:09:01.293  INFO 47482 --- [    Test worker] c.t.e.EcomspringApplicationTests         : Starting EcomspringApplicationTests using Java 15.0.1 on Amarions-iMac.local with PID 47482 (started by ScottCem in /Users/ScottCem/Documents/GitHub/ecomspring)
2021-02-26 08:09:01.299  INFO 47482 --- [    Test worker] c.t.e.EcomspringApplicationTests         : No active profile set, falling back to default profiles: default
2021-02-26 08:09:02.078  INFO 47482 --- [    Test worker] .s.d.r.c.RepositoryConfigurationDelegate : Bootstrapping Spring Data JPA repositories in DEFAULT mode.
2021-02-26 08:09:02.150  INFO 47482 --- [    Test worker] .s.d.r.c.RepositoryConfigurationDelegate : Finished Spring Data repository scanning in 64 ms. Found 2 JPA repository interfaces.
2021-02-26 08:09:02.810  INFO 47482 --- [    Test worker] o.hibernate.jpa.internal.util.LogHelper  : HHH000204: Processing PersistenceUnitInfo [name: default]
2021-02-26 08:09:02.862  INFO 47482 --- [    Test worker] org.hibernate.Version                    : HHH000412: Hibernate ORM core version 5.4.27.Final
2021-02-26 08:09:02.976  INFO 47482 --- [    Test worker] o.hibernate.annotations.common.Version   : HCANN000001: Hibernate Commons Annotations {5.1.2.Final}
2021-02-26 08:09:03.090  INFO 47482 --- [    Test worker] com.zaxxer.hikari.HikariDataSource       : HikariPool-1 - Starting...
2021-02-26 08:09:03.282  INFO 47482 --- [    Test worker] com.zaxxer.hikari.HikariDataSource       : HikariPool-1 - Start completed.
2021-02-26 08:09:03.311  INFO 47482 --- [    Test worker] org.hibernate.dialect.Dialect            : HHH000400: Using dialect: org.hibernate.dialect.H2Dialect
Hibernate: create table product (id bigint not null, brand varchar(255), category varchar(255), description varchar(255), image varchar(255), name varchar(255), price double not null, quantity integer not null, primary key (id))
Hibernate: create table role (role_id bigint not null, role varchar(255), primary key (role_id))
Hibernate: create table user (user_id bigint not null, password varchar(255), username varchar(15), primary key (user_id))
Hibernate: create table user_cart (user_user_id bigint not null, cart integer, cart_key bigint not null, primary key (user_user_id, cart_key))
Hibernate: create table user_role (user_id bigint not null, role_id bigint not null, primary key (user_id, role_id))
Hibernate: create sequence hibernate_sequence start with 1 increment by 1
Hibernate: alter table user_cart add constraint FKo0n4fmoljitd3o90iyjs8vph8 foreign key (cart_key) references product
Hibernate: alter table user_cart add constraint FK76t2nalfq1tki3uq0dtpqc11a foreign key (user_user_id) references user
Hibernate: alter table user_role add constraint FKa68196081fvovjhkek5m97n3y foreign key (role_id) references role
Hibernate: alter table user_role add constraint FK859n2jvi8ivhui0rl0esws6o foreign key (user_id) references user
2021-02-26 08:09:04.093  INFO 47482 --- [    Test worker] o.h.e.t.j.p.i.JtaPlatformInitiator       : HHH000490: Using JtaPlatform implementation: [org.hibernate.engine.transaction.jta.platform.internal.NoJtaPlatform]
2021-02-26 08:09:04.105  INFO 47482 --- [    Test worker] j.LocalContainerEntityManagerFactoryBean : Initialized JPA EntityManagerFactory for persistence unit 'default'
2021-02-26 08:09:04.722  WARN 47482 --- [    Test worker] JpaBaseConfiguration$JpaWebConfiguration : spring.jpa.open-in-view is enabled by default. Therefore, database queries may be performed during view rendering. Explicitly configure spring.jpa.open-in-view to disable this warning
2021-02-26 08:09:04.944  INFO 47482 --- [    Test worker] o.s.s.web.DefaultSecurityFilterChain     : Will secure any request with [org.springframework.security.web.context.request.async.WebAsyncManagerIntegrationFilter@338c382d, org.springframework.security.web.context.SecurityContextPersistenceFilter@90d149a, org.springframework.security.web.header.HeaderWriterFilter@fc7dfe5, org.springframework.security.web.authentication.logout.LogoutFilter@29906f23, org.springframework.security.web.authentication.UsernamePasswordAuthenticationFilter@5255b34f, org.springframework.security.web.savedrequest.RequestCacheAwareFilter@396ef3a0, org.springframework.security.web.servletapi.SecurityContextHolderAwareRequestFilter@6b45d1a4, org.springframework.security.web.authentication.AnonymousAuthenticationFilter@63b1fd49, org.springframework.security.web.session.SessionManagementFilter@457c46d6, org.springframework.security.web.access.ExceptionTranslationFilter@791a433a, org.springframework.security.web.access.intercept.FilterSecurityInterceptor@48d054d1]
2021-02-26 08:09:05.313  INFO 47482 --- [    Test worker] o.s.s.concurrent.ThreadPoolTaskExecutor  : Initializing ExecutorService 'applicationTaskExecutor'
2021-02-26 08:09:05.382  INFO 47482 --- [    Test worker] o.s.b.a.h2.H2ConsoleAutoConfiguration    : H2 console available at '/console'. Database available at 'jdbc:h2:file:~/cart'
2021-02-26 08:09:05.766  INFO 47482 --- [    Test worker] c.t.e.EcomspringApplicationTests         : Started EcomspringApplicationTests in 10.179 seconds (JVM running for 11.537)
]]></system-out>
  <system-err><![CDATA[]]></system-err>
</testsuite>
